# JRE version: OpenJDK Runtime Environment (17.0.10) (build 17.0.10+0--11572160)
# Java VM: OpenJDK 64-Bit Server VM (17.0.10+0--11572160, mixed mode, tiered, compressed oops, compressed class ptrs, g1 gc, windows-amd64)
GC Precious Log:
 CPUs: 8 total, 8 available
 Memory: 16255M
 Large Page Support: Disabled
 NUMA Support: Disabled
 Compressed Oops: Enabled (32-bit)
 Heap Region Size: 1M
 Heap Min Capacity: 8M
 Heap Initial Capacity: 254M
 Heap Max Capacity: 2G
 Pre-touch: Disabled
 Parallel Workers: 8
 Concurrent Workers: 2
 Concurrent Refinement Workers: 8
 Periodic GC: Disabled
Heap:
 garbage-first heap   total 76800K, used 59654K [0x0000000080000000, 0x0000000100000000)
  region size 1024K, 9 young (9216K), 2 survivors (2048K)
 Metaspace       used 63016K, committed 63552K, reserved 1114112K
  class space    used 8571K, committed 8832K, reserved 1048576K
GC Heap History (20 events):
Event: 11.003 GC heap before
{Heap before GC invocations=12 (full 0):
 garbage-first heap   total 68608K, used 52662K [0x0000000080000000, 0x0000000100000000)
  region size 1024K, 24 young (24576K), 3 survivors (3072K)
 Metaspace       used 47574K, committed 48000K, reserved 1114112K
  class space    used 6265K, committed 6464K, reserved 1048576K
}
Event: 11.009 GC heap after
{Heap after GC invocations=13 (full 0):
 garbage-first heap   total 68608K, used 32719K [0x0000000080000000, 0x0000000100000000)
  region size 1024K, 2 young (2048K), 2 survivors (2048K)
 Metaspace       used 47574K, committed 48000K, reserved 1114112K
  class space    used 6265K, committed 6464K, reserved 1048576K
}
Event: 11.491 GC heap before
{Heap before GC invocations=13 (full 0):
 garbage-first heap   total 68608K, used 53199K [0x0000000080000000, 0x0000000100000000)
  region size 1024K, 22 young (22528K), 2 survivors (2048K)
 Metaspace       used 50958K, committed 51456K, reserved 1114112K
  class space    used 6790K, committed 7040K, reserved 1048576K
}
Event: 11.497 GC heap after
{Heap after GC invocations=14 (full 0):
 garbage-first heap   total 68608K, used 33623K [0x0000000080000000, 0x0000000100000000)
  region size 1024K, 3 young (3072K), 3 survivors (3072K)
 Metaspace       used 50958K, committed 51456K, reserved 1114112K
  class space    used 6790K, committed 7040K, reserved 1048576K
}
Event: 12.333 GC heap before
{Heap before GC invocations=15 (full 0):
 garbage-first heap   total 68608K, used 54103K [0x0000000080000000, 0x0000000100000000)
  region size 1024K, 23 young (23552K), 3 survivors (3072K)
 Metaspace       used 53014K, committed 53440K, reserved 1114112K
  class space    used 7097K, committed 7296K, reserved 1048576K
}
Event: 12.338 GC heap after
{Heap after GC invocations=16 (full 0):
 garbage-first heap   total 68608K, used 35115K [0x0000000080000000, 0x0000000100000000)
  region size 1024K, 3 young (3072K), 3 survivors (3072K)
 Metaspace       used 53014K, committed 53440K, reserved 1114112K
  class space    used 7097K, committed 7296K, reserved 1048576K
}
Event: 12.668 GC heap before
{Heap before GC invocations=16 (full 0):
 garbage-first heap   total 68608K, used 54571K [0x0000000080000000, 0x0000000100000000)
  region size 1024K, 22 young (22528K), 3 survivors (3072K)
 Metaspace       used 55634K, committed 56064K, reserved 1114112K
  class space    used 7442K, committed 7616K, reserved 1048576K
}
Event: 12.672 GC heap after
{Heap after GC invocations=17 (full 0):
 garbage-first heap   total 68608K, used 35859K [0x0000000080000000, 0x0000000100000000)
  region size 1024K, 3 young (3072K), 3 survivors (3072K)
 Metaspace       used 55634K, committed 56064K, reserved 1114112K
  class space    used 7442K, committed 7616K, reserved 1048576K
}
Event: 13.243 GC heap before
{Heap before GC invocations=18 (full 0):
 garbage-first heap   total 68608K, used 54291K [0x0000000080000000, 0x0000000100000000)
  region size 1024K, 21 young (21504K), 3 survivors (3072K)
 Metaspace       used 57634K, committed 58112K, reserved 1114112K
  class space    used 7720K, committed 7936K, reserved 1048576K
}
Event: 13.247 GC heap after
{Heap after GC invocations=19 (full 0):
 garbage-first heap   total 68608K, used 37076K [0x0000000080000000, 0x0000000100000000)
  region size 1024K, 2 young (2048K), 2 survivors (2048K)
 Metaspace       used 57634K, committed 58112K, reserved 1114112K
  class space    used 7720K, committed 7936K, reserved 1048576K
}
Event: 13.791 GC heap before
{Heap before GC invocations=19 (full 0):
 garbage-first heap   total 68608K, used 54484K [0x0000000080000000, 0x0000000100000000)
  region size 1024K, 19 young (19456K), 2 survivors (2048K)
 Metaspace       used 59568K, committed 60032K, reserved 1114112K
  class space    used 8048K, committed 8256K, reserved 1048576K
}
Event: 13.795 GC heap after
{Heap after GC invocations=20 (full 0):
 garbage-first heap   total 68608K, used 38334K [0x0000000080000000, 0x0000000100000000)
  region size 1024K, 3 young (3072K), 3 survivors (3072K)
 Metaspace       used 59568K, committed 60032K, reserved 1114112K
  class space    used 8048K, committed 8256K, reserved 1048576K
}
Event: 14.364 GC heap before
{Heap before GC invocations=21 (full 0):
 garbage-first heap   total 71680K, used 55742K [0x0000000080000000, 0x0000000100000000)
  region size 1024K, 20 young (20480K), 3 survivors (3072K)
 Metaspace       used 61565K, committed 62080K, reserved 1114112K
  class space    used 8400K, committed 8640K, reserved 1048576K
}
Event: 14.370 GC heap after
{Heap after GC invocations=22 (full 0):
 garbage-first heap   total 71680K, used 39504K [0x0000000080000000, 0x0000000100000000)
  region size 1024K, 3 young (3072K), 3 survivors (3072K)
 Metaspace       used 61565K, committed 62080K, reserved 1114112K
  class space    used 8400K, committed 8640K, reserved 1048576K
}
Event: 15.275 GC heap before
{Heap before GC invocations=22 (full 0):
 garbage-first heap   total 71680K, used 57936K [0x0000000080000000, 0x0000000100000000)
  region size 1024K, 21 young (21504K), 3 survivors (3072K)
 Metaspace       used 62763K, committed 63232K, reserved 1114112K
  class space    used 8564K, committed 8768K, reserved 1048576K
}
Event: 15.281 GC heap after
{Heap after GC invocations=23 (full 0):
 garbage-first heap   total 71680K, used 43586K [0x0000000080000000, 0x0000000100000000)
  region size 1024K, 3 young (3072K), 3 survivors (3072K)
 Metaspace       used 62763K, committed 63232K, reserved 1114112K
  class space    used 8564K, committed 8768K, reserved 1048576K
}
Event: 15.660 GC heap before
{Heap before GC invocations=24 (full 0):
 garbage-first heap   total 76800K, used 55874K [0x0000000080000000, 0x0000000100000000)
  region size 1024K, 16 young (16384K), 3 survivors (3072K)
 Metaspace       used 62972K, committed 63488K, reserved 1114112K
  class space    used 8569K, committed 8832K, reserved 1048576K
}
Event: 15.667 GC heap after
{Heap after GC invocations=25 (full 0):
 garbage-first heap   total 76800K, used 45303K [0x0000000080000000, 0x0000000100000000)
  region size 1024K, 2 young (2048K), 2 survivors (2048K)
 Metaspace       used 62972K, committed 63488K, reserved 1114112K
  class space    used 8569K, committed 8832K, reserved 1048576K
}
Event: 15.773 GC heap before
{Heap before GC invocations=25 (full 0):
 garbage-first heap   total 76800K, used 47351K [0x0000000080000000, 0x0000000100000000)
  region size 1024K, 6 young (6144K), 2 survivors (2048K)
 Metaspace       used 63002K, committed 63552K, reserved 1114112K
  class space    used 8571K, committed 8832K, reserved 1048576K
}
Event: 15.775 GC heap after
{Heap after GC invocations=26 (full 0):
 garbage-first heap   total 76800K, used 45318K [0x0000000080000000, 0x0000000100000000)
  region size 1024K, 2 young (2048K), 2 survivors (2048K)
 Metaspace       used 63002K, committed 63552K, reserved 1114112K
  class space    used 8571K, committed 8832K, reserved 1048576K
}

